# JRE version: 6.0_30-b30
# Java VM: OpenJDK 64-Bit Server VM (23.25-b01 mixed mode linux-amd64 compressed oops)
Heap
 PSYoungGen      total 43392K, used 1989K [0x00000000f5560000, 0x00000000f8c60000, 0x0000000100000000)
  eden space 34944K, 5% used [0x00000000f5560000,0x00000000f5751718,0x00000000f7780000)
  from space 8448K, 0% used [0x00000000f7780000,0x00000000f7780000,0x00000000f7fc0000)
  to   space 8320K, 0% used [0x00000000f8440000,0x00000000f8440000,0x00000000f8c60000)
 ParOldGen       total 45248K, used 33650K [0x00000000e0000000, 0x00000000e2c30000, 0x00000000f5560000)
  object space 45248K, 74% used [0x00000000e0000000,0x00000000e20dc920,0x00000000e2c30000)
 PSPermGen       total 102592K, used 53624K [0x00000000d0000000, 0x00000000d6430000, 0x00000000e0000000)
  object space 102592K, 52% used [0x00000000d0000000,0x00000000d345e108,0x00000000d6430000)
GC Heap History (10 events):
Event: 14.825 GC heap before
{Heap before GC invocations=15 (full 1):
 PSYoungGen      total 29248K, used 22016K [0x00000000f5560000, 0x00000000f85b0000, 0x0000000100000000)
  eden space 22016K, 100% used [0x00000000f5560000,0x00000000f6ae0000,0x00000000f6ae0000)
  from space 7232K, 0% used [0x00000000f6ae0000,0x00000000f6ae0000,0x00000000f71f0000)
  to   space 7104K, 0% used [0x00000000f7ec0000,0x00000000f7ec0000,0x00000000f85b0000)
 ParOldGen       total 45248K, used 25606K [0x00000000e0000000, 0x00000000e2c30000, 0x00000000f5560000)
  object space 45248K, 56% used [0x00000000e0000000,0x00000000e19018d8,0x00000000e2c30000)
 PSPermGen       total 83072K, used 48072K [0x00000000d0000000, 0x00000000d5120000, 0x00000000e0000000)
  object space 83072K, 57% used [0x00000000d0000000,0x00000000d2ef2008,0x00000000d5120000)
Event: 14.834 GC heap after
Heap after GC invocations=15 (full 1):
 PSYoungGen      total 31424K, used 3285K [0x00000000f5560000, 0x00000000f8200000, 0x0000000100000000)
  eden space 28096K, 0% used [0x00000000f5560000,0x00000000f5560000,0x00000000f70d0000)
  from space 3328K, 98% used [0x00000000f7ec0000,0x00000000f81f5588,0x00000000f8200000)
  to   space 6848K, 0% used [0x00000000f74a0000,0x00000000f74a0000,0x00000000f7b50000)
 ParOldGen       total 45248K, used 25606K [0x00000000e0000000, 0x00000000e2c30000, 0x00000000f5560000)
  object space 45248K, 56% used [0x00000000e0000000,0x00000000e19018d8,0x00000000e2c30000)
 PSPermGen       total 83072K, used 48072K [0x00000000d0000000, 0x00000000d5120000, 0x00000000e0000000)
  object space 83072K, 57% used [0x00000000d0000000,0x00000000d2ef2008,0x00000000d5120000)
}
Event: 15.474 GC heap before
{Heap before GC invocations=16 (full 1):
 PSYoungGen      total 31424K, used 31381K [0x00000000f5560000, 0x00000000f8200000, 0x0000000100000000)
  eden space 28096K, 100% used [0x00000000f5560000,0x00000000f70d0000,0x00000000f70d0000)
  from space 3328K, 98% used [0x00000000f7ec0000,0x00000000f81f5588,0x00000000f8200000)
  to   space 6848K, 0% used [0x00000000f74a0000,0x00000000f74a0000,0x00000000f7b50000)
 ParOldGen       total 45248K, used 25606K [0x00000000e0000000, 0x00000000e2c30000, 0x00000000f5560000)
  object space 45248K, 56% used [0x00000000e0000000,0x00000000e19018d8,0x00000000e2c30000)
 PSPermGen       total 83072K, used 51694K [0x00000000d0000000, 0x00000000d5120000, 0x00000000e0000000)
  object space 83072K, 62% used [0x00000000d0000000,0x00000000d327b860,0x00000000d5120000)
Event: 15.482 GC heap after
Heap after GC invocations=16 (full 1):
 PSYoungGen      total 38848K, used 6109K [0x00000000f5560000, 0x00000000f8700000, 0x0000000100000000)
  eden space 32000K, 0% used [0x00000000f5560000,0x00000000f5560000,0x00000000f74a0000)
  from space 6848K, 89% used [0x00000000f74a0000,0x00000000f7a97438,0x00000000f7b50000)
  to   space 7424K, 0% used [0x00000000f7fc0000,0x00000000f7fc0000,0x00000000f8700000)
 ParOldGen       total 45248K, used 25614K [0x00000000e0000000, 0x00000000e2c30000, 0x00000000f5560000)
  object space 45248K, 56% used [0x00000000e0000000,0x00000000e19038d8,0x00000000e2c30000)
 PSPermGen       total 83072K, used 51694K [0x00000000d0000000, 0x00000000d5120000, 0x00000000e0000000)
  object space 83072K, 62% used [0x00000000d0000000,0x00000000d327b860,0x00000000d5120000)
}
Event: 33.775 GC heap before
{Heap before GC invocations=17 (full 1):
 PSYoungGen      total 38848K, used 38109K [0x00000000f5560000, 0x00000000f8700000, 0x0000000100000000)
  eden space 32000K, 100% used [0x00000000f5560000,0x00000000f74a0000,0x00000000f74a0000)
  from space 6848K, 89% used [0x00000000f74a0000,0x00000000f7a97438,0x00000000f7b50000)
  to   space 7424K, 0% used [0x00000000f7fc0000,0x00000000f7fc0000,0x00000000f8700000)
 ParOldGen       total 45248K, used 25614K [0x00000000e0000000, 0x00000000e2c30000, 0x00000000f5560000)
  object space 45248K, 56% used [0x00000000e0000000,0x00000000e19038d8,0x00000000e2c30000)
 PSPermGen       total 83072K, used 53253K [0x00000000d0000000, 0x00000000d5120000, 0x00000000e0000000)
  object space 83072K, 64% used [0x00000000d0000000,0x00000000d3401788,0x00000000d5120000)
Event: 33.784 GC heap after
Heap after GC invocations=17 (full 1):
 PSYoungGen      total 42368K, used 7396K [0x00000000f5560000, 0x00000000f8ca0000, 0x0000000100000000)
  eden space 34944K, 0% used [0x00000000f5560000,0x00000000f5560000,0x00000000f7780000)
  from space 7424K, 99% used [0x00000000f7fc0000,0x00000000f86f90a0,0x00000000f8700000)
  to   space 8448K, 0% used [0x00000000f7780000,0x00000000f7780000,0x00000000f7fc0000)
 ParOldGen       total 45248K, used 26006K [0x00000000e0000000, 0x00000000e2c30000, 0x00000000f5560000)
  object space 45248K, 57% used [0x00000000e0000000,0x00000000e19658d8,0x00000000e2c30000)
 PSPermGen       total 83072K, used 53253K [0x00000000d0000000, 0x00000000d5120000, 0x00000000e0000000)
  object space 83072K, 64% used [0x00000000d0000000,0x00000000d3401788,0x00000000d5120000)
}
Event: 445.212 GC heap before
{Heap before GC invocations=18 (full 1):
 PSYoungGen      total 42368K, used 24369K [0x00000000f5560000, 0x00000000f8ca0000, 0x0000000100000000)
  eden space 34944K, 48% used [0x00000000f5560000,0x00000000f65f33f0,0x00000000f7780000)
  from space 7424K, 99% used [0x00000000f7fc0000,0x00000000f86f90a0,0x00000000f8700000)
  to   space 8448K, 0% used [0x00000000f7780000,0x00000000f7780000,0x00000000f7fc0000)
 ParOldGen       total 45248K, used 26006K [0x00000000e0000000, 0x00000000e2c30000, 0x00000000f5560000)
  object space 45248K, 57% used [0x00000000e0000000,0x00000000e19658d8,0x00000000e2c30000)
 PSPermGen       total 83072K, used 53571K [0x00000000d0000000, 0x00000000d5120000, 0x00000000e0000000)
  object space 83072K, 64% used [0x00000000d0000000,0x00000000d3450df0,0x00000000d5120000)
Event: 445.220 GC heap after
Heap after GC invocations=18 (full 1):
 PSYoungGen      total 43392K, used 2992K [0x00000000f5560000, 0x00000000f8c60000, 0x0000000100000000)
  eden space 34944K, 0% used [0x00000000f5560000,0x00000000f5560000,0x00000000f7780000)
  from space 8448K, 35% used [0x00000000f7780000,0x00000000f7a6c020,0x00000000f7fc0000)
  to   space 8320K, 0% used [0x00000000f8440000,0x00000000f8440000,0x00000000f8c60000)
 ParOldGen       total 45248K, used 31530K [0x00000000e0000000, 0x00000000e2c30000, 0x00000000f5560000)
  object space 45248K, 69% used [0x00000000e0000000,0x00000000e1eca888,0x00000000e2c30000)
 PSPermGen       total 83072K, used 53571K [0x00000000d0000000, 0x00000000d5120000, 0x00000000e0000000)
  object space 83072K, 64% used [0x00000000d0000000,0x00000000d3450df0,0x00000000d5120000)
}
Event: 445.220 GC heap before
{Heap before GC invocations=19 (full 2):
 PSYoungGen      total 43392K, used 2992K [0x00000000f5560000, 0x00000000f8c60000, 0x0000000100000000)
  eden space 34944K, 0% used [0x00000000f5560000,0x00000000f5560000,0x00000000f7780000)
  from space 8448K, 35% used [0x00000000f7780000,0x00000000f7a6c020,0x00000000f7fc0000)
  to   space 8320K, 0% used [0x00000000f8440000,0x00000000f8440000,0x00000000f8c60000)
 ParOldGen       total 45248K, used 31530K [0x00000000e0000000, 0x00000000e2c30000, 0x00000000f5560000)
  object space 45248K, 69% used [0x00000000e0000000,0x00000000e1eca888,0x00000000e2c30000)
 PSPermGen       total 83072K, used 53571K [0x00000000d0000000, 0x00000000d5120000, 0x00000000e0000000)
  object space 83072K, 64% used [0x00000000d0000000,0x00000000d3450df0,0x00000000d5120000)
Event: 445.930 GC heap after
Heap after GC invocations=19 (full 2):
 PSYoungGen      total 43392K, used 0K [0x00000000f5560000, 0x00000000f8c60000, 0x0000000100000000)
  eden space 34944K, 0% used [0x00000000f5560000,0x00000000f5560000,0x00000000f7780000)
  from space 8448K, 0% used [0x00000000f7780000,0x00000000f7780000,0x00000000f7fc0000)
  to   space 8320K, 0% used [0x00000000f8440000,0x00000000f8440000,0x00000000f8c60000)
 ParOldGen       total 45248K, used 33650K [0x00000000e0000000, 0x00000000e2c30000, 0x00000000f5560000)
  object space 45248K, 74% used [0x00000000e0000000,0x00000000e20dc920,0x00000000e2c30000)
 PSPermGen       total 102592K, used 53565K [0x00000000d0000000, 0x00000000d6430000, 0x00000000e0000000)
  object space 102592K, 52% used [0x00000000d0000000,0x00000000d344f688,0x00000000d6430000)
}

